<?xml version="1.0" encoding="UTF-8"?>
<!-- Generated by org.testng.reporters.JUnitReportReporter -->
<testsuite hostname="DESKTOP-CPTQ4AV" failures="0" tests="7" name="com.sgtesting.basicscenario.BasicAssigTNG1" time="24.033" errors="0" timestamp="2022-06-10T17:47:06 IST" skipped="0">
  <testcase classname="com.sgtesting.basicscenario.BasicAssigTNG1" name="launchBrowser" time="1.319"/>
  <system-out/>
  <testcase classname="com.sgtesting.basicscenario.BasicAssigTNG1" name="navigate" time="0.783"/>
  <system-out/>
  <testcase classname="com.sgtesting.basicscenario.BasicAssigTNG1" name="login" time="4.194"/>
  <system-out/>
  <testcase classname="com.sgtesting.basicscenario.BasicAssigTNG1" name="createUser" time="8.734"/>
  <system-out/>
  <testcase classname="com.sgtesting.basicscenario.BasicAssigTNG1" name="deleteUser" time="6.220"/>
  <system-out/>
  <testcase classname="com.sgtesting.basicscenario.BasicAssigTNG1" name="logout" time="2.404"/>
  <system-out/>
  <testcase classname="com.sgtesting.basicscenario.BasicAssigTNG1" name="closeApplication" time="0.379"/>
  <system-out/>
</testsuite> <!-- com.sgtesting.basicscenario.BasicAssigTNG1 -->
