<?xml version="1.0" encoding="UTF-8"?>
<!-- Generated by org.testng.reporters.JUnitReportReporter -->
<testsuite hostname="DESKTOP-CPTQ4AV" failures="0" tests="11" name="com.sgtesting.basicscenario.BasicAssigTNG7" time="34.978" errors="0" timestamp="2022-06-10T17:47:06 IST" skipped="0">
  <testcase classname="com.sgtesting.basicscenario.BasicAssigTNG7" name="launchBrowser" time="1.449"/>
  <system-out/>
  <testcase classname="com.sgtesting.basicscenario.BasicAssigTNG7" name="navigate" time="0.680"/>
  <system-out/>
  <testcase classname="com.sgtesting.basicscenario.BasicAssigTNG7" name="login" time="2.218"/>
  <system-out/>
  <testcase classname="com.sgtesting.basicscenario.BasicAssigTNG7" name="createCustomer" time="7.012"/>
  <system-out/>
  <testcase classname="com.sgtesting.basicscenario.BasicAssigTNG7" name="createProject" time="4.340"/>
  <system-out/>
  <testcase classname="com.sgtesting.basicscenario.BasicAssigTNG7" name="createTask" time="4.446"/>
  <system-out/>
  <testcase classname="com.sgtesting.basicscenario.BasicAssigTNG7" name="deleteTask" time="3.290"/>
  <system-out/>
  <testcase classname="com.sgtesting.basicscenario.BasicAssigTNG7" name="deleteProject" time="4.450"/>
  <system-out/>
  <testcase classname="com.sgtesting.basicscenario.BasicAssigTNG7" name="deleteCustomer" time="5.376"/>
  <system-out/>
  <testcase classname="com.sgtesting.basicscenario.BasicAssigTNG7" name="logout" time="1.356"/>
  <system-out/>
  <testcase classname="com.sgtesting.basicscenario.BasicAssigTNG7" name="closeApplication" time="0.361"/>
  <system-out/>
</testsuite> <!-- com.sgtesting.basicscenario.BasicAssigTNG7 -->
