<?xml version="1.0" encoding="UTF-8"?>
<!-- Generated by org.testng.reporters.JUnitReportReporter -->
<testsuite hostname="DESKTOP-CPTQ4AV" failures="0" tests="7" name="com.sgtesting.basicscenario.BasicTNG1" time="4.586" errors="0" timestamp="2022-06-10T16:25:41 IST" skipped="0">
  <testcase classname="com.sgtesting.basicscenario.BasicTNG1" name="launchBrowser" time="3.650"/>
  <system-out/>
  <testcase classname="com.sgtesting.basicscenario.BasicTNG1" name="createUser" time="0.014"/>
  <system-out/>
  <testcase classname="com.sgtesting.basicscenario.BasicTNG1" name="navigate" time="0.844"/>
  <system-out/>
  <testcase classname="com.sgtesting.basicscenario.BasicTNG1" name="login" time="0.040"/>
  <system-out/>
  <testcase classname="com.sgtesting.basicscenario.BasicTNG1" name="logout" time="0.022"/>
  <system-out/>
  <testcase classname="com.sgtesting.basicscenario.BasicTNG1" name="closeApplication" time="0.014"/>
  <system-out/>
  <testcase classname="com.sgtesting.basicscenario.BasicTNG1" name="deleteUser" time="0.002"/>
  <system-out/>
</testsuite> <!-- com.sgtesting.basicscenario.BasicTNG1 -->
