<?xml version="1.0" encoding="UTF-8"?>
<!-- Generated by org.testng.reporters.JUnitReportReporter -->
<testsuite hostname="DESKTOP-CPTQ4AV" failures="0" tests="9" name="com.sgtesting.basicscenario.BasicAssigTNG5" time="28.754" errors="0" timestamp="2022-06-10T17:47:06 IST" skipped="0">
  <testcase classname="com.sgtesting.basicscenario.BasicAssigTNG5" name="launchBrowser" time="1.342"/>
  <system-out/>
  <testcase classname="com.sgtesting.basicscenario.BasicAssigTNG5" name="navigate" time="0.724"/>
  <system-out/>
  <testcase classname="com.sgtesting.basicscenario.BasicAssigTNG5" name="login" time="3.282"/>
  <system-out/>
  <testcase classname="com.sgtesting.basicscenario.BasicAssigTNG5" name="createCustomer" time="7.149"/>
  <system-out/>
  <testcase classname="com.sgtesting.basicscenario.BasicAssigTNG5" name="createProject" time="4.349"/>
  <system-out/>
  <testcase classname="com.sgtesting.basicscenario.BasicAssigTNG5" name="deleteProject" time="4.413"/>
  <system-out/>
  <testcase classname="com.sgtesting.basicscenario.BasicAssigTNG5" name="deleteCustomer" time="5.384"/>
  <system-out/>
  <testcase classname="com.sgtesting.basicscenario.BasicAssigTNG5" name="logout" time="1.715"/>
  <system-out/>
  <testcase classname="com.sgtesting.basicscenario.BasicAssigTNG5" name="closeApplication" time="0.396"/>
  <system-out/>
</testsuite> <!-- com.sgtesting.basicscenario.BasicAssigTNG5 -->
