<?xml version="1.0" encoding="UTF-8"?>
<!-- Generated by org.testng.reporters.JUnitReportReporter -->
<testsuite hostname="DESKTOP-CPTQ4AV" failures="0" tests="10" name="com.sgtesting.basicscenario.BasicAssigTNG6" time="33.061" errors="0" timestamp="2022-06-10T17:47:06 IST" skipped="0">
  <testcase classname="com.sgtesting.basicscenario.BasicAssigTNG6" name="launchBrowser" time="1.412"/>
  <system-out/>
  <testcase classname="com.sgtesting.basicscenario.BasicAssigTNG6" name="navigate" time="0.700"/>
  <system-out/>
  <testcase classname="com.sgtesting.basicscenario.BasicAssigTNG6" name="login" time="2.227"/>
  <system-out/>
  <testcase classname="com.sgtesting.basicscenario.BasicAssigTNG6" name="createCustomer" time="7.090"/>
  <system-out/>
  <testcase classname="com.sgtesting.basicscenario.BasicAssigTNG6" name="createProject" time="4.364"/>
  <system-out/>
  <testcase classname="com.sgtesting.basicscenario.BasicAssigTNG6" name="modifyProject" time="5.567"/>
  <system-out/>
  <testcase classname="com.sgtesting.basicscenario.BasicAssigTNG6" name="deleteProject" time="4.403"/>
  <system-out/>
  <testcase classname="com.sgtesting.basicscenario.BasicAssigTNG6" name="deleteCustomer" time="5.377"/>
  <system-out/>
  <testcase classname="com.sgtesting.basicscenario.BasicAssigTNG6" name="logout" time="1.432"/>
  <system-out/>
  <testcase classname="com.sgtesting.basicscenario.BasicAssigTNG6" name="closeApplication" time="0.489"/>
  <system-out/>
</testsuite> <!-- com.sgtesting.basicscenario.BasicAssigTNG6 -->
