<?xml version="1.0" encoding="UTF-8"?>
<!-- Generated by org.testng.reporters.JUnitReportReporter -->
<testsuite hostname="DESKTOP-CPTQ4AV" failures="0" tests="7" name="com.sgtesting.basicscenario.BasicAssigTNG3" time="21.333" errors="0" timestamp="2022-06-10T17:47:06 IST" skipped="0">
  <testcase classname="com.sgtesting.basicscenario.BasicAssigTNG3" name="launchBrowser" time="1.233"/>
  <system-out/>
  <testcase classname="com.sgtesting.basicscenario.BasicAssigTNG3" name="navigate" time="0.655"/>
  <system-out/>
  <testcase classname="com.sgtesting.basicscenario.BasicAssigTNG3" name="login" time="4.245"/>
  <system-out/>
  <testcase classname="com.sgtesting.basicscenario.BasicAssigTNG3" name="createCustomer" time="7.127"/>
  <system-out/>
  <testcase classname="com.sgtesting.basicscenario.BasicAssigTNG3" name="deleteCustomer" time="5.421"/>
  <system-out/>
  <testcase classname="com.sgtesting.basicscenario.BasicAssigTNG3" name="logout" time="2.333"/>
  <system-out/>
  <testcase classname="com.sgtesting.basicscenario.BasicAssigTNG3" name="closeApplication" time="0.319"/>
  <system-out/>
</testsuite> <!-- com.sgtesting.basicscenario.BasicAssigTNG3 -->
