<?xml version="1.0" encoding="UTF-8"?>
<!-- Generated by org.testng.reporters.JUnitReportReporter -->
<testsuite hostname="DESKTOP-CPTQ4AV" failures="0" tests="8" name="com.sgtesting.basicscenario.BasicAssigTNG4" time="28.424" errors="0" timestamp="2022-06-10T17:47:06 IST" skipped="0">
  <testcase classname="com.sgtesting.basicscenario.BasicAssigTNG4" name="launchBrowser" time="1.361"/>
  <system-out/>
  <testcase classname="com.sgtesting.basicscenario.BasicAssigTNG4" name="navigate" time="0.678"/>
  <system-out/>
  <testcase classname="com.sgtesting.basicscenario.BasicAssigTNG4" name="login" time="2.230"/>
  <system-out/>
  <testcase classname="com.sgtesting.basicscenario.BasicAssigTNG4" name="createCustomer" time="7.099"/>
  <system-out/>
  <testcase classname="com.sgtesting.basicscenario.BasicAssigTNG4" name="modifyCustomer" time="9.566"/>
  <system-out/>
  <testcase classname="com.sgtesting.basicscenario.BasicAssigTNG4" name="deleteCustomer" time="5.398"/>
  <system-out/>
  <testcase classname="com.sgtesting.basicscenario.BasicAssigTNG4" name="logout" time="1.667"/>
  <system-out/>
  <testcase classname="com.sgtesting.basicscenario.BasicAssigTNG4" name="closeApplication" time="0.425"/>
  <system-out/>
</testsuite> <!-- com.sgtesting.basicscenario.BasicAssigTNG4 -->
