<?xml version="1.0" encoding="UTF-8"?>
<!-- Generated by org.testng.reporters.JUnitReportReporter -->
<testsuite hostname="DESKTOP-CPTQ4AV" failures="0" tests="4" name="com.sgtesting.basicscenario.DemoExample2" time="12.939" errors="0" timestamp="2022-06-10T10:10:51 IST" skipped="0">
  <testcase classname="com.sgtesting.basicscenario.DemoExample2" name="launchBrowser" time="3.333"/>
  <system-out/>
  <testcase classname="com.sgtesting.basicscenario.DemoExample2" name="navigate" time="4.790"/>
  <system-out/>
  <testcase classname="com.sgtesting.basicscenario.DemoExample2" name="login" time="4.407"/>
  <system-out/>
  <testcase classname="com.sgtesting.basicscenario.DemoExample2" name="closeApplication" time="0.409"/>
  <system-out/>
</testsuite> <!-- com.sgtesting.basicscenario.DemoExample2 -->
