<?xml version="1.0" encoding="UTF-8"?>
<!-- Generated by org.testng.reporters.JUnitReportReporter -->
<testsuite hostname="DESKTOP-CPTQ4AV" failures="0" tests="24" name="com.sgtesting.advancescenario.AdvAssigTNG1" time="132.863" errors="0" timestamp="2022-06-10T17:47:06 IST" skipped="0">
  <testcase classname="com.sgtesting.advancescenario.AdvAssigTNG1" name="launchBrowser" time="1.389"/>
  <system-out/>
  <testcase classname="com.sgtesting.advancescenario.AdvAssigTNG1" name="navigate" time="0.669"/>
  <system-out/>
  <testcase classname="com.sgtesting.advancescenario.AdvAssigTNG1" name="loginasAdmin1" time="6.318"/>
  <system-out/>
  <testcase classname="com.sgtesting.advancescenario.AdvAssigTNG1" name="createUser" time="14.687"/>
  <system-out/>
  <testcase classname="com.sgtesting.advancescenario.AdvAssigTNG1" name="logout1" time="2.269"/>
  <system-out/>
  <testcase classname="com.sgtesting.advancescenario.AdvAssigTNG1" name="loginasuser1" time="6.716"/>
  <system-out/>
  <testcase classname="com.sgtesting.advancescenario.AdvAssigTNG1" name="logout2" time="2.340"/>
  <system-out/>
  <testcase classname="com.sgtesting.advancescenario.AdvAssigTNG1" name="loginasuser2" time="6.549"/>
  <system-out/>
  <testcase classname="com.sgtesting.advancescenario.AdvAssigTNG1" name="logout3" time="2.329"/>
  <system-out/>
  <testcase classname="com.sgtesting.advancescenario.AdvAssigTNG1" name="loginasuser3" time="6.504"/>
  <system-out/>
  <testcase classname="com.sgtesting.advancescenario.AdvAssigTNG1" name="logout4" time="2.243"/>
  <system-out/>
  <testcase classname="com.sgtesting.advancescenario.AdvAssigTNG1" name="loginasAdmin2" time="6.284"/>
  <system-out/>
  <testcase classname="com.sgtesting.advancescenario.AdvAssigTNG1" name="modifyPasswords" time="20.500"/>
  <system-out/>
  <testcase classname="com.sgtesting.advancescenario.AdvAssigTNG1" name="logout5" time="2.708"/>
  <system-out/>
  <testcase classname="com.sgtesting.advancescenario.AdvAssigTNG1" name="loginasUser1" time="4.340"/>
  <system-out/>
  <testcase classname="com.sgtesting.advancescenario.AdvAssigTNG1" name="logout6" time="2.728"/>
  <system-out/>
  <testcase classname="com.sgtesting.advancescenario.AdvAssigTNG1" name="loginasUser2" time="4.305"/>
  <system-out/>
  <testcase classname="com.sgtesting.advancescenario.AdvAssigTNG1" name="logout7" time="2.396"/>
  <system-out/>
  <testcase classname="com.sgtesting.advancescenario.AdvAssigTNG1" name="loginasUser3" time="4.304"/>
  <system-out/>
  <testcase classname="com.sgtesting.advancescenario.AdvAssigTNG1" name="logout8" time="2.366"/>
  <system-out/>
  <testcase classname="com.sgtesting.advancescenario.AdvAssigTNG1" name="loginasAdmin3" time="6.299"/>
  <system-out/>
  <testcase classname="com.sgtesting.advancescenario.AdvAssigTNG1" name="deleteUsers" time="21.733"/>
  <system-out/>
  <testcase classname="com.sgtesting.advancescenario.AdvAssigTNG1" name="logout9" time="2.355"/>
  <system-out/>
  <testcase classname="com.sgtesting.advancescenario.AdvAssigTNG1" name="closeApplication" time="0.532"/>
  <system-out/>
</testsuite> <!-- com.sgtesting.advancescenario.AdvAssigTNG1 -->
