<?xml version="1.0" encoding="UTF-8"?>
<!-- Generated by org.testng.reporters.JUnitReportReporter -->
<testsuite hostname="DESKTOP-CPTQ4AV" failures="0" tests="38" name="com.sgtesting.advancescenario.AdvAssigTNG2" time="164.388" errors="0" timestamp="2022-06-10T17:47:06 IST" skipped="0">
  <testcase classname="com.sgtesting.advancescenario.AdvAssigTNG2" name="launchBrowser" time="1.452"/>
  <system-out/>
  <testcase classname="com.sgtesting.advancescenario.AdvAssigTNG2" name="navigate" time="0.663"/>
  <system-out/>
  <testcase classname="com.sgtesting.advancescenario.AdvAssigTNG2" name="loginasAdmin1a" time="4.339"/>
  <system-out/>
  <testcase classname="com.sgtesting.advancescenario.AdvAssigTNG2" name="createUser1" time="6.951"/>
  <system-out/>
  <testcase classname="com.sgtesting.advancescenario.AdvAssigTNG2" name="logout1" time="1.308"/>
  <system-out/>
  <testcase classname="com.sgtesting.advancescenario.AdvAssigTNG2" name="loginasUser1" time="10.561"/>
  <system-out/>
  <testcase classname="com.sgtesting.advancescenario.AdvAssigTNG2" name="createUser2" time="5.542"/>
  <system-out/>
  <testcase classname="com.sgtesting.advancescenario.AdvAssigTNG2" name="logout2" time="1.322"/>
  <system-out/>
  <testcase classname="com.sgtesting.advancescenario.AdvAssigTNG2" name="loginasUser2" time="10.548"/>
  <system-out/>
  <testcase classname="com.sgtesting.advancescenario.AdvAssigTNG2" name="createUser3" time="7.529"/>
  <system-out/>
  <testcase classname="com.sgtesting.advancescenario.AdvAssigTNG2" name="logout3" time="1.342"/>
  <system-out/>
  <testcase classname="com.sgtesting.advancescenario.AdvAssigTNG2" name="loginasUser3" time="10.548"/>
  <system-out/>
  <testcase classname="com.sgtesting.advancescenario.AdvAssigTNG2" name="logout4" time="1.278"/>
  <system-out/>
  <testcase classname="com.sgtesting.advancescenario.AdvAssigTNG2" name="loginasuser2" time="8.323"/>
  <system-out/>
  <testcase classname="com.sgtesting.advancescenario.AdvAssigTNG2" name="modifyPasswordforUser3" time="5.211"/>
  <system-out/>
  <testcase classname="com.sgtesting.advancescenario.AdvAssigTNG2" name="logout5" time="1.257"/>
  <system-out/>
  <testcase classname="com.sgtesting.advancescenario.AdvAssigTNG2" name="loginAsUser3" time="4.372"/>
  <system-out/>
  <testcase classname="com.sgtesting.advancescenario.AdvAssigTNG2" name="logout6" time="1.357"/>
  <system-out/>
  <testcase classname="com.sgtesting.advancescenario.AdvAssigTNG2" name="loginasuser1" time="8.284"/>
  <system-out/>
  <testcase classname="com.sgtesting.advancescenario.AdvAssigTNG2" name="modifyPasswordforUser2" time="5.243"/>
  <system-out/>
  <testcase classname="com.sgtesting.advancescenario.AdvAssigTNG2" name="logout7" time="1.291"/>
  <system-out/>
  <testcase classname="com.sgtesting.advancescenario.AdvAssigTNG2" name="loginAsUser2a" time="4.345"/>
  <system-out/>
  <testcase classname="com.sgtesting.advancescenario.AdvAssigTNG2" name="logout8" time="1.361"/>
  <system-out/>
  <testcase classname="com.sgtesting.advancescenario.AdvAssigTNG2" name="loginasAdmin1b" time="4.332"/>
  <system-out/>
  <testcase classname="com.sgtesting.advancescenario.AdvAssigTNG2" name="modifyPasswordforUser1" time="5.096"/>
  <system-out/>
  <testcase classname="com.sgtesting.advancescenario.AdvAssigTNG2" name="logout9" time="1.324"/>
  <system-out/>
  <testcase classname="com.sgtesting.advancescenario.AdvAssigTNG2" name="loginAsUser1a" time="4.333"/>
  <system-out/>
  <testcase classname="com.sgtesting.advancescenario.AdvAssigTNG2" name="logout10" time="1.380"/>
  <system-out/>
  <testcase classname="com.sgtesting.advancescenario.AdvAssigTNG2" name="loginAsUser2b" time="4.313"/>
  <system-out/>
  <testcase classname="com.sgtesting.advancescenario.AdvAssigTNG2" name="deleteUser3" time="8.970"/>
  <system-out/>
  <testcase classname="com.sgtesting.advancescenario.AdvAssigTNG2" name="logout11" time="1.299"/>
  <system-out/>
  <testcase classname="com.sgtesting.advancescenario.AdvAssigTNG2" name="loginAsUser1b" time="4.353"/>
  <system-out/>
  <testcase classname="com.sgtesting.advancescenario.AdvAssigTNG2" name="deleteUser2" time="8.642"/>
  <system-out/>
  <testcase classname="com.sgtesting.advancescenario.AdvAssigTNG2" name="logout12" time="1.307"/>
  <system-out/>
  <testcase classname="com.sgtesting.advancescenario.AdvAssigTNG2" name="loginasAdmin1c" time="4.252"/>
  <system-out/>
  <testcase classname="com.sgtesting.advancescenario.AdvAssigTNG2" name="deleteUser1" time="8.763"/>
  <system-out/>
  <testcase classname="com.sgtesting.advancescenario.AdvAssigTNG2" name="logout13" time="1.234"/>
  <system-out/>
  <testcase classname="com.sgtesting.advancescenario.AdvAssigTNG2" name="closeApplication" time="0.363"/>
  <system-out/>
</testsuite> <!-- com.sgtesting.advancescenario.AdvAssigTNG2 -->
