<?xml version="1.0" encoding="UTF-8"?>
<!-- Generated by org.testng.reporters.JUnitReportReporter -->
<testsuite hostname="DESKTOP-CPTQ4AV" failures="0" tests="6" name="com.sgtesting.basicscenario.DemoExample" time="13.868" errors="0" timestamp="2022-06-10T08:33:49 IST" skipped="0">
  <testcase classname="com.sgtesting.basicscenario.DemoExample" name="launchBrowser" time="1.581"/>
  <system-out/>
  <testcase classname="com.sgtesting.basicscenario.DemoExample" name="navigate" time="4.573"/>
  <system-out/>
  <testcase classname="com.sgtesting.basicscenario.DemoExample" name="login" time="4.147"/>
  <system-out/>
  <testcase classname="com.sgtesting.basicscenario.DemoExample" name="minimizeFlyOutWindow" time="0.055"/>
  <system-out/>
  <testcase classname="com.sgtesting.basicscenario.DemoExample" name="logout" time="2.168"/>
  <system-out/>
  <testcase classname="com.sgtesting.basicscenario.DemoExample" name="closeApplication" time="1.344"/>
  <system-out/>
</testsuite> <!-- com.sgtesting.basicscenario.DemoExample -->
