<?xml version="1.0" encoding="UTF-8"?>
<!-- Generated by org.testng.reporters.JUnitReportReporter -->
<testsuite hostname="DESKTOP-CPTQ4AV" failures="0" tests="8" name="com.sgtesting.basicscenario.BasicAssigTNG2" time="25.790" errors="0" timestamp="2022-06-10T17:47:06 IST" skipped="0">
  <testcase classname="com.sgtesting.basicscenario.BasicAssigTNG2" name="launchBrowser" time="2.935"/>
  <system-out/>
  <testcase classname="com.sgtesting.basicscenario.BasicAssigTNG2" name="navigate" time="0.713"/>
  <system-out/>
  <testcase classname="com.sgtesting.basicscenario.BasicAssigTNG2" name="login" time="2.243"/>
  <system-out/>
  <testcase classname="com.sgtesting.basicscenario.BasicAssigTNG2" name="createUser" time="6.410"/>
  <system-out/>
  <testcase classname="com.sgtesting.basicscenario.BasicAssigTNG2" name="modifyUser" time="4.415"/>
  <system-out/>
  <testcase classname="com.sgtesting.basicscenario.BasicAssigTNG2" name="deleteUser" time="6.279"/>
  <system-out/>
  <testcase classname="com.sgtesting.basicscenario.BasicAssigTNG2" name="logout" time="2.318"/>
  <system-out/>
  <testcase classname="com.sgtesting.basicscenario.BasicAssigTNG2" name="closeApplication" time="0.477"/>
  <system-out/>
</testsuite> <!-- com.sgtesting.basicscenario.BasicAssigTNG2 -->
